<?xml version="1.0" encoding="UTF-8"?>
<testsuite xmlns:xsi="http://www.w3.org/2001/XMLSchema-instance" xsi:noNamespaceSchemaLocation="https://maven.apache.org/surefire/maven-surefire-plugin/xsd/surefire-test-report.xsd" name="ui.TechnicalTaskTest" time="8.92" tests="2" errors="0" skipped="1" failures="1">
  <properties>
    <property name="java.specification.version" value="18"/>
    <property name="sun.jnu.encoding" value="UTF-8"/>
    <property name="java.class.path" value="/Users/vladb00mer/IdeaProjects/ctco/target/test-classes:/Users/vladb00mer/IdeaProjects/ctco/target/classes:/Users/vladb00mer/.m2/repository/io/qameta/allure/allure-maven/2.11.2/allure-maven-2.11.2.jar:/Users/vladb00mer/.m2/repository/org/slf4j/slf4j-api/1.7.32/slf4j-api-1.7.32.jar:/Users/vladb00mer/.m2/repository/org/apache/httpcomponents/httpclient/4.5.13/httpclient-4.5.13.jar:/Users/vladb00mer/.m2/repository/org/apache/httpcomponents/httpcore/4.4.13/httpcore-4.4.13.jar:/Users/vladb00mer/.m2/repository/commons-logging/commons-logging/1.2/commons-logging-1.2.jar:/Users/vladb00mer/.m2/repository/commons-codec/commons-codec/1.11/commons-codec-1.11.jar:/Users/vladb00mer/.m2/repository/com/fasterxml/jackson/core/jackson-databind/2.13.0/jackson-databind-2.13.0.jar:/Users/vladb00mer/.m2/repository/com/fasterxml/jackson/core/jackson-annotations/2.13.0/jackson-annotations-2.13.0.jar:/Users/vladb00mer/.m2/repository/com/fasterxml/jackson/core/jackson-core/2.13.0/jackson-core-2.13.0.jar:/Users/vladb00mer/.m2/repository/org/apache/maven/maven-plugin-api/3.8.3/maven-plugin-api-3.8.3.jar:/Users/vladb00mer/.m2/repository/org/codehaus/plexus/plexus-utils/3.3.0/plexus-utils-3.3.0.jar:/Users/vladb00mer/.m2/repository/org/codehaus/plexus/plexus-classworlds/2.6.0/plexus-classworlds-2.6.0.jar:/Users/vladb00mer/.m2/repository/org/apache/maven/maven-core/3.8.3/maven-core-3.8.3.jar:/Users/vladb00mer/.m2/repository/org/apache/maven/maven-model/3.8.3/maven-model-3.8.3.jar:/Users/vladb00mer/.m2/repository/org/apache/maven/maven-settings/3.8.3/maven-settings-3.8.3.jar:/Users/vladb00mer/.m2/repository/org/apache/maven/maven-settings-builder/3.8.3/maven-settings-builder-3.8.3.jar:/Users/vladb00mer/.m2/repository/org/codehaus/plexus/plexus-sec-dispatcher/2.0/plexus-sec-dispatcher-2.0.jar:/Users/vladb00mer/.m2/repository/org/codehaus/plexus/plexus-cipher/2.0/plexus-cipher-2.0.jar:/Users/vladb00mer/.m2/repository/org/apache/maven/maven-builder-support/3.8.3/maven-builder-support-3.8.3.jar:/Users/vladb00mer/.m2/repository/org/apache/maven/maven-repository-metadata/3.8.3/maven-repository-metadata-3.8.3.jar:/Users/vladb00mer/.m2/repository/org/apache/maven/maven-artifact/3.8.3/maven-artifact-3.8.3.jar:/Users/vladb00mer/.m2/repository/org/apache/maven/maven-model-builder/3.8.3/maven-model-builder-3.8.3.jar:/Users/vladb00mer/.m2/repository/org/apache/maven/maven-resolver-provider/3.8.3/maven-resolver-provider-3.8.3.jar:/Users/vladb00mer/.m2/repository/org/apache/maven/resolver/maven-resolver-impl/1.6.3/maven-resolver-impl-1.6.3.jar:/Users/vladb00mer/.m2/repository/org/apache/maven/resolver/maven-resolver-api/1.6.3/maven-resolver-api-1.6.3.jar:/Users/vladb00mer/.m2/repository/org/apache/maven/resolver/maven-resolver-spi/1.6.3/maven-resolver-spi-1.6.3.jar:/Users/vladb00mer/.m2/repository/org/apache/maven/resolver/maven-resolver-util/1.6.3/maven-resolver-util-1.6.3.jar:/Users/vladb00mer/.m2/repository/org/apache/maven/shared/maven-shared-utils/3.3.4/maven-shared-utils-3.3.4.jar:/Users/vladb00mer/.m2/repository/org/eclipse/sisu/org.eclipse.sisu.plexus/0.3.5/org.eclipse.sisu.plexus-0.3.5.jar:/Users/vladb00mer/.m2/repository/javax/annotation/javax.annotation-api/1.2/javax.annotation-api-1.2.jar:/Users/vladb00mer/.m2/repository/org/eclipse/sisu/org.eclipse.sisu.inject/0.3.5/org.eclipse.sisu.inject-0.3.5.jar:/Users/vladb00mer/.m2/repository/javax/inject/javax.inject/1/javax.inject-1.jar:/Users/vladb00mer/.m2/repository/org/codehaus/plexus/plexus-interpolation/1.26/plexus-interpolation-1.26.jar:/Users/vladb00mer/.m2/repository/org/codehaus/plexus/plexus-component-annotations/2.1.0/plexus-component-annotations-2.1.0.jar:/Users/vladb00mer/.m2/repository/org/apache/commons/commons-lang3/3.8.1/commons-lang3-3.8.1.jar:/Users/vladb00mer/.m2/repository/org/apache/maven/reporting/maven-reporting-impl/3.0.0/maven-reporting-impl-3.0.0.jar:/Users/vladb00mer/.m2/repository/org/apache/maven/reporting/maven-reporting-api/3.0/maven-reporting-api-3.0.jar:/Users/vladb00mer/.m2/repository/org/apache/maven/doxia/doxia-sink-api/1.7/doxia-sink-api-1.7.jar:/Users/vladb00mer/.m2/repository/org/apache/maven/doxia/doxia-logging-api/1.7/doxia-logging-api-1.7.jar:/Users/vladb00mer/.m2/repository/org/apache/maven/doxia/doxia-decoration-model/1.7.4/doxia-decoration-model-1.7.4.jar:/Users/vladb00mer/.m2/repository/org/apache/maven/doxia/doxia-core/1.7/doxia-core-1.7.jar:/Users/vladb00mer/.m2/repository/org/codehaus/plexus/plexus-container-default/1.0-alpha-30/plexus-container-default-1.0-alpha-30.jar:/Users/vladb00mer/.m2/repository/commons-lang/commons-lang/2.4/commons-lang-2.4.jar:/Users/vladb00mer/.m2/repository/xmlunit/xmlunit/1.5/xmlunit-1.5.jar:/Users/vladb00mer/.m2/repository/org/apache/maven/doxia/doxia-site-renderer/1.7.4/doxia-site-renderer-1.7.4.jar:/Users/vladb00mer/.m2/repository/org/apache/maven/doxia/doxia-skin-model/1.7.4/doxia-skin-model-1.7.4.jar:/Users/vladb00mer/.m2/repository/org/apache/maven/doxia/doxia-module-xhtml/1.7/doxia-module-xhtml-1.7.jar:/Users/vladb00mer/.m2/repository/org/codehaus/plexus/plexus-i18n/1.0-beta-7/plexus-i18n-1.0-beta-7.jar:/Users/vladb00mer/.m2/repository/org/codehaus/plexus/plexus-velocity/1.2/plexus-velocity-1.2.jar:/Users/vladb00mer/.m2/repository/org/apache/velocity/velocity/1.7/velocity-1.7.jar:/Users/vladb00mer/.m2/repository/org/apache/velocity/velocity-tools/2.0/velocity-tools-2.0.jar:/Users/vladb00mer/.m2/repository/commons-digester/commons-digester/1.8/commons-digester-1.8.jar:/Users/vladb00mer/.m2/repository/commons-chain/commons-chain/1.1/commons-chain-1.1.jar:/Users/vladb00mer/.m2/repository/commons-validator/commons-validator/1.3.1/commons-validator-1.3.1.jar:/Users/vladb00mer/.m2/repository/dom4j/dom4j/1.1/dom4j-1.1.jar:/Users/vladb00mer/.m2/repository/oro/oro/2.0.8/oro-2.0.8.jar:/Users/vladb00mer/.m2/repository/sslext/sslext/1.2-0/sslext-1.2-0.jar:/Users/vladb00mer/.m2/repository/org/apache/struts/struts-core/1.3.8/struts-core-1.3.8.jar:/Users/vladb00mer/.m2/repository/antlr/antlr/2.7.2/antlr-2.7.2.jar:/Users/vladb00mer/.m2/repository/org/apache/struts/struts-taglib/1.3.8/struts-taglib-1.3.8.jar:/Users/vladb00mer/.m2/repository/org/apache/struts/struts-tiles/1.3.8/struts-tiles-1.3.8.jar:/Users/vladb00mer/.m2/repository/org/apache/maven/shared/maven-artifact-transfer/0.13.1/maven-artifact-transfer-0.13.1.jar:/Users/vladb00mer/.m2/repository/org/apache/maven/shared/maven-common-artifact-filters/3.1.0/maven-common-artifact-filters-3.1.0.jar:/Users/vladb00mer/.m2/repository/org/sonatype/sisu/sisu-inject-plexus/1.4.2/sisu-inject-plexus-1.4.2.jar:/Users/vladb00mer/.m2/repository/org/sonatype/sisu/sisu-inject-bean/1.4.2/sisu-inject-bean-1.4.2.jar:/Users/vladb00mer/.m2/repository/org/sonatype/sisu/sisu-guice/2.1.7/sisu-guice-2.1.7-noaop.jar:/Users/vladb00mer/.m2/repository/commons-beanutils/commons-beanutils/1.9.4/commons-beanutils-1.9.4.jar:/Users/vladb00mer/.m2/repository/commons-collections/commons-collections/3.2.2/commons-collections-3.2.2.jar:/Users/vladb00mer/.m2/repository/net/lingala/zip4j/zip4j/1.3.2/zip4j-1.3.2.jar:/Users/vladb00mer/.m2/repository/org/apache/commons/commons-exec/1.3/commons-exec-1.3.jar:/Users/vladb00mer/.m2/repository/org/apache/maven/plugin-tools/maven-plugin-annotations/3.6.1/maven-plugin-annotations-3.6.1.jar:/Users/vladb00mer/.m2/repository/org/apache/maven/plugins/maven-jxr-plugin/3.1.1/maven-jxr-plugin-3.1.1.jar:/Users/vladb00mer/.m2/repository/org/apache/maven/maven-jxr/3.1.1/maven-jxr-3.1.1.jar:/Users/vladb00mer/.m2/repository/org/apache/velocity/velocity-engine-core/2.0/velocity-engine-core-2.0.jar:/Users/vladb00mer/.m2/repository/commons-io/commons-io/2.6/commons-io-2.6.jar:/Users/vladb00mer/.m2/repository/org/apache/maven/wagon/wagon-provider-api/2.4/wagon-provider-api-2.4.jar:/Users/vladb00mer/.m2/repository/org/codehaus/plexus/plexus-java/1.0.6/plexus-java-1.0.6.jar:/Users/vladb00mer/.m2/repository/org/ow2/asm/asm/9.0/asm-9.0.jar:/Users/vladb00mer/.m2/repository/com/thoughtworks/qdox/qdox/2.0.0/qdox-2.0.0.jar:/Users/vladb00mer/.m2/repository/org/slf4j/slf4j-simple/1.7.28/slf4j-simple-1.7.28.jar:/Users/vladb00mer/.m2/repository/org/seleniumhq/selenium/selenium-java/3.141.59/selenium-java-3.141.59.jar:/Users/vladb00mer/.m2/repository/org/seleniumhq/selenium/selenium-api/3.141.59/selenium-api-3.141.59.jar:/Users/vladb00mer/.m2/repository/org/seleniumhq/selenium/selenium-chrome-driver/3.141.59/selenium-chrome-driver-3.141.59.jar:/Users/vladb00mer/.m2/repository/org/seleniumhq/selenium/selenium-edge-driver/3.141.59/selenium-edge-driver-3.141.59.jar:/Users/vladb00mer/.m2/repository/org/seleniumhq/selenium/selenium-firefox-driver/3.141.59/selenium-firefox-driver-3.141.59.jar:/Users/vladb00mer/.m2/repository/org/seleniumhq/selenium/selenium-ie-driver/3.141.59/selenium-ie-driver-3.141.59.jar:/Users/vladb00mer/.m2/repository/org/seleniumhq/selenium/selenium-opera-driver/3.141.59/selenium-opera-driver-3.141.59.jar:/Users/vladb00mer/.m2/repository/org/seleniumhq/selenium/selenium-remote-driver/3.141.59/selenium-remote-driver-3.141.59.jar:/Users/vladb00mer/.m2/repository/org/seleniumhq/selenium/selenium-safari-driver/3.141.59/selenium-safari-driver-3.141.59.jar:/Users/vladb00mer/.m2/repository/org/seleniumhq/selenium/selenium-support/3.141.59/selenium-support-3.141.59.jar:/Users/vladb00mer/.m2/repository/net/bytebuddy/byte-buddy/1.8.15/byte-buddy-1.8.15.jar:/Users/vladb00mer/.m2/repository/com/google/guava/guava/25.0-jre/guava-25.0-jre.jar:/Users/vladb00mer/.m2/repository/com/google/code/findbugs/jsr305/1.3.9/jsr305-1.3.9.jar:/Users/vladb00mer/.m2/repository/org/checkerframework/checker-compat-qual/2.0.0/checker-compat-qual-2.0.0.jar:/Users/vladb00mer/.m2/repository/com/google/errorprone/error_prone_annotations/2.1.3/error_prone_annotations-2.1.3.jar:/Users/vladb00mer/.m2/repository/com/google/j2objc/j2objc-annotations/1.1/j2objc-annotations-1.1.jar:/Users/vladb00mer/.m2/repository/org/codehaus/mojo/animal-sniffer-annotations/1.14/animal-sniffer-annotations-1.14.jar:/Users/vladb00mer/.m2/repository/com/squareup/okhttp3/okhttp/3.11.0/okhttp-3.11.0.jar:/Users/vladb00mer/.m2/repository/com/squareup/okio/okio/1.14.0/okio-1.14.0.jar:/Users/vladb00mer/.m2/repository/org/testng/testng/7.1.0/testng-7.1.0.jar:/Users/vladb00mer/.m2/repository/com/beust/jcommander/1.72/jcommander-1.72.jar:/Users/vladb00mer/.m2/repository/com/google/inject/guice/4.1.0/guice-4.1.0-no_aop.jar:/Users/vladb00mer/.m2/repository/aopalliance/aopalliance/1.0/aopalliance-1.0.jar:/Users/vladb00mer/.m2/repository/org/yaml/snakeyaml/1.21/snakeyaml-1.21.jar:/Users/vladb00mer/.m2/repository/org/junit/jupiter/junit-jupiter/5.9.0-RC1/junit-jupiter-5.9.0-RC1.jar:/Users/vladb00mer/.m2/repository/org/junit/jupiter/junit-jupiter-api/5.9.0-RC1/junit-jupiter-api-5.9.0-RC1.jar:/Users/vladb00mer/.m2/repository/org/opentest4j/opentest4j/1.2.0/opentest4j-1.2.0.jar:/Users/vladb00mer/.m2/repository/org/junit/platform/junit-platform-commons/1.9.0-RC1/junit-platform-commons-1.9.0-RC1.jar:/Users/vladb00mer/.m2/repository/org/apiguardian/apiguardian-api/1.1.2/apiguardian-api-1.1.2.jar:/Users/vladb00mer/.m2/repository/org/junit/jupiter/junit-jupiter-params/5.9.0-RC1/junit-jupiter-params-5.9.0-RC1.jar:/Users/vladb00mer/.m2/repository/org/junit/jupiter/junit-jupiter-engine/5.9.0-RC1/junit-jupiter-engine-5.9.0-RC1.jar:/Users/vladb00mer/.m2/repository/org/junit/platform/junit-platform-engine/1.9.0-RC1/junit-platform-engine-1.9.0-RC1.jar:/Users/vladb00mer/.m2/repository/org/hamcrest/hamcrest/2.1/hamcrest-2.1.jar:/Users/vladb00mer/.m2/repository/org/hamcrest/hamcrest-core/1.3/hamcrest-core-1.3.jar:/Users/vladb00mer/.m2/repository/io/qameta/allure/allure-selenide/2.17.3/allure-selenide-2.17.3.jar:/Users/vladb00mer/.m2/repository/io/qameta/allure/allure-java-commons/2.17.3/allure-java-commons-2.17.3.jar:/Users/vladb00mer/.m2/repository/io/qameta/allure/allure-model/2.17.3/allure-model-2.17.3.jar:/Users/vladb00mer/.m2/repository/io/qameta/allure/allure-junit5/2.17.3/allure-junit5-2.17.3.jar:/Users/vladb00mer/.m2/repository/io/qameta/allure/allure-junit-platform/2.17.3/allure-junit-platform-2.17.3.jar:/Users/vladb00mer/.m2/repository/io/qameta/allure/allure-test-filter/2.17.3/allure-test-filter-2.17.3.jar:/Users/vladb00mer/.m2/repository/org/junit/platform/junit-platform-launcher/1.8.2/junit-platform-launcher-1.8.2.jar:/Users/vladb00mer/.m2/repository/junit/junit/4.12/junit-4.12.jar:"/>
    <property name="java.vm.vendor" value="Homebrew"/>
    <property name="sun.arch.data.model" value="64"/>
    <property name="java.vendor.url" value="https://github.com/Homebrew/homebrew-core/issues"/>
    <property name="os.name" value="Mac OS X"/>
    <property name="java.vm.specification.version" value="18"/>
    <property name="sun.java.launcher" value="SUN_STANDARD"/>
    <property name="user.country" value="RU"/>
    <property name="allure.link.issue.pattern" value="https://example.org/browse/{}"/>
    <property name="sun.boot.library.path" value="/usr/local/Cellar/openjdk/18/libexec/openjdk.jdk/Contents/Home/lib"/>
    <property name="sun.java.command" value="/Users/vladb00mer/IdeaProjects/ctco/target/surefire/surefirebooter8203027947424773637.jar /Users/vladb00mer/IdeaProjects/ctco/target/surefire 2022-07-10T10-54-22_046-jvmRun1 surefire1827427586159905687tmp surefire_04212061964532944406tmp"/>
    <property name="http.nonProxyHosts" value="local|*.local|169.254/16|*.169.254/16"/>
    <property name="jdk.debug" value="release"/>
    <property name="surefire.test.class.path" value="/Users/vladb00mer/IdeaProjects/ctco/target/test-classes:/Users/vladb00mer/IdeaProjects/ctco/target/classes:/Users/vladb00mer/.m2/repository/io/qameta/allure/allure-maven/2.11.2/allure-maven-2.11.2.jar:/Users/vladb00mer/.m2/repository/org/slf4j/slf4j-api/1.7.32/slf4j-api-1.7.32.jar:/Users/vladb00mer/.m2/repository/org/apache/httpcomponents/httpclient/4.5.13/httpclient-4.5.13.jar:/Users/vladb00mer/.m2/repository/org/apache/httpcomponents/httpcore/4.4.13/httpcore-4.4.13.jar:/Users/vladb00mer/.m2/repository/commons-logging/commons-logging/1.2/commons-logging-1.2.jar:/Users/vladb00mer/.m2/repository/commons-codec/commons-codec/1.11/commons-codec-1.11.jar:/Users/vladb00mer/.m2/repository/com/fasterxml/jackson/core/jackson-databind/2.13.0/jackson-databind-2.13.0.jar:/Users/vladb00mer/.m2/repository/com/fasterxml/jackson/core/jackson-annotations/2.13.0/jackson-annotations-2.13.0.jar:/Users/vladb00mer/.m2/repository/com/fasterxml/jackson/core/jackson-core/2.13.0/jackson-core-2.13.0.jar:/Users/vladb00mer/.m2/repository/org/apache/maven/maven-plugin-api/3.8.3/maven-plugin-api-3.8.3.jar:/Users/vladb00mer/.m2/repository/org/codehaus/plexus/plexus-utils/3.3.0/plexus-utils-3.3.0.jar:/Users/vladb00mer/.m2/repository/org/codehaus/plexus/plexus-classworlds/2.6.0/plexus-classworlds-2.6.0.jar:/Users/vladb00mer/.m2/repository/org/apache/maven/maven-core/3.8.3/maven-core-3.8.3.jar:/Users/vladb00mer/.m2/repository/org/apache/maven/maven-model/3.8.3/maven-model-3.8.3.jar:/Users/vladb00mer/.m2/repository/org/apache/maven/maven-settings/3.8.3/maven-settings-3.8.3.jar:/Users/vladb00mer/.m2/repository/org/apache/maven/maven-settings-builder/3.8.3/maven-settings-builder-3.8.3.jar:/Users/vladb00mer/.m2/repository/org/codehaus/plexus/plexus-sec-dispatcher/2.0/plexus-sec-dispatcher-2.0.jar:/Users/vladb00mer/.m2/repository/org/codehaus/plexus/plexus-cipher/2.0/plexus-cipher-2.0.jar:/Users/vladb00mer/.m2/repository/org/apache/maven/maven-builder-support/3.8.3/maven-builder-support-3.8.3.jar:/Users/vladb00mer/.m2/repository/org/apache/maven/maven-repository-metadata/3.8.3/maven-repository-metadata-3.8.3.jar:/Users/vladb00mer/.m2/repository/org/apache/maven/maven-artifact/3.8.3/maven-artifact-3.8.3.jar:/Users/vladb00mer/.m2/repository/org/apache/maven/maven-model-builder/3.8.3/maven-model-builder-3.8.3.jar:/Users/vladb00mer/.m2/repository/org/apache/maven/maven-resolver-provider/3.8.3/maven-resolver-provider-3.8.3.jar:/Users/vladb00mer/.m2/repository/org/apache/maven/resolver/maven-resolver-impl/1.6.3/maven-resolver-impl-1.6.3.jar:/Users/vladb00mer/.m2/repository/org/apache/maven/resolver/maven-resolver-api/1.6.3/maven-resolver-api-1.6.3.jar:/Users/vladb00mer/.m2/repository/org/apache/maven/resolver/maven-resolver-spi/1.6.3/maven-resolver-spi-1.6.3.jar:/Users/vladb00mer/.m2/repository/org/apache/maven/resolver/maven-resolver-util/1.6.3/maven-resolver-util-1.6.3.jar:/Users/vladb00mer/.m2/repository/org/apache/maven/shared/maven-shared-utils/3.3.4/maven-shared-utils-3.3.4.jar:/Users/vladb00mer/.m2/repository/org/eclipse/sisu/org.eclipse.sisu.plexus/0.3.5/org.eclipse.sisu.plexus-0.3.5.jar:/Users/vladb00mer/.m2/repository/javax/annotation/javax.annotation-api/1.2/javax.annotation-api-1.2.jar:/Users/vladb00mer/.m2/repository/org/eclipse/sisu/org.eclipse.sisu.inject/0.3.5/org.eclipse.sisu.inject-0.3.5.jar:/Users/vladb00mer/.m2/repository/javax/inject/javax.inject/1/javax.inject-1.jar:/Users/vladb00mer/.m2/repository/org/codehaus/plexus/plexus-interpolation/1.26/plexus-interpolation-1.26.jar:/Users/vladb00mer/.m2/repository/org/codehaus/plexus/plexus-component-annotations/2.1.0/plexus-component-annotations-2.1.0.jar:/Users/vladb00mer/.m2/repository/org/apache/commons/commons-lang3/3.8.1/commons-lang3-3.8.1.jar:/Users/vladb00mer/.m2/repository/org/apache/maven/reporting/maven-reporting-impl/3.0.0/maven-reporting-impl-3.0.0.jar:/Users/vladb00mer/.m2/repository/org/apache/maven/reporting/maven-reporting-api/3.0/maven-reporting-api-3.0.jar:/Users/vladb00mer/.m2/repository/org/apache/maven/doxia/doxia-sink-api/1.7/doxia-sink-api-1.7.jar:/Users/vladb00mer/.m2/repository/org/apache/maven/doxia/doxia-logging-api/1.7/doxia-logging-api-1.7.jar:/Users/vladb00mer/.m2/repository/org/apache/maven/doxia/doxia-decoration-model/1.7.4/doxia-decoration-model-1.7.4.jar:/Users/vladb00mer/.m2/repository/org/apache/maven/doxia/doxia-core/1.7/doxia-core-1.7.jar:/Users/vladb00mer/.m2/repository/org/codehaus/plexus/plexus-container-default/1.0-alpha-30/plexus-container-default-1.0-alpha-30.jar:/Users/vladb00mer/.m2/repository/commons-lang/commons-lang/2.4/commons-lang-2.4.jar:/Users/vladb00mer/.m2/repository/xmlunit/xmlunit/1.5/xmlunit-1.5.jar:/Users/vladb00mer/.m2/repository/org/apache/maven/doxia/doxia-site-renderer/1.7.4/doxia-site-renderer-1.7.4.jar:/Users/vladb00mer/.m2/repository/org/apache/maven/doxia/doxia-skin-model/1.7.4/doxia-skin-model-1.7.4.jar:/Users/vladb00mer/.m2/repository/org/apache/maven/doxia/doxia-module-xhtml/1.7/doxia-module-xhtml-1.7.jar:/Users/vladb00mer/.m2/repository/org/codehaus/plexus/plexus-i18n/1.0-beta-7/plexus-i18n-1.0-beta-7.jar:/Users/vladb00mer/.m2/repository/org/codehaus/plexus/plexus-velocity/1.2/plexus-velocity-1.2.jar:/Users/vladb00mer/.m2/repository/org/apache/velocity/velocity/1.7/velocity-1.7.jar:/Users/vladb00mer/.m2/repository/org/apache/velocity/velocity-tools/2.0/velocity-tools-2.0.jar:/Users/vladb00mer/.m2/repository/commons-digester/commons-digester/1.8/commons-digester-1.8.jar:/Users/vladb00mer/.m2/repository/commons-chain/commons-chain/1.1/commons-chain-1.1.jar:/Users/vladb00mer/.m2/repository/commons-validator/commons-validator/1.3.1/commons-validator-1.3.1.jar:/Users/vladb00mer/.m2/repository/dom4j/dom4j/1.1/dom4j-1.1.jar:/Users/vladb00mer/.m2/repository/oro/oro/2.0.8/oro-2.0.8.jar:/Users/vladb00mer/.m2/repository/sslext/sslext/1.2-0/sslext-1.2-0.jar:/Users/vladb00mer/.m2/repository/org/apache/struts/struts-core/1.3.8/struts-core-1.3.8.jar:/Users/vladb00mer/.m2/repository/antlr/antlr/2.7.2/antlr-2.7.2.jar:/Users/vladb00mer/.m2/repository/org/apache/struts/struts-taglib/1.3.8/struts-taglib-1.3.8.jar:/Users/vladb00mer/.m2/repository/org/apache/struts/struts-tiles/1.3.8/struts-tiles-1.3.8.jar:/Users/vladb00mer/.m2/repository/org/apache/maven/shared/maven-artifact-transfer/0.13.1/maven-artifact-transfer-0.13.1.jar:/Users/vladb00mer/.m2/repository/org/apache/maven/shared/maven-common-artifact-filters/3.1.0/maven-common-artifact-filters-3.1.0.jar:/Users/vladb00mer/.m2/repository/org/sonatype/sisu/sisu-inject-plexus/1.4.2/sisu-inject-plexus-1.4.2.jar:/Users/vladb00mer/.m2/repository/org/sonatype/sisu/sisu-inject-bean/1.4.2/sisu-inject-bean-1.4.2.jar:/Users/vladb00mer/.m2/repository/org/sonatype/sisu/sisu-guice/2.1.7/sisu-guice-2.1.7-noaop.jar:/Users/vladb00mer/.m2/repository/commons-beanutils/commons-beanutils/1.9.4/commons-beanutils-1.9.4.jar:/Users/vladb00mer/.m2/repository/commons-collections/commons-collections/3.2.2/commons-collections-3.2.2.jar:/Users/vladb00mer/.m2/repository/net/lingala/zip4j/zip4j/1.3.2/zip4j-1.3.2.jar:/Users/vladb00mer/.m2/repository/org/apache/commons/commons-exec/1.3/commons-exec-1.3.jar:/Users/vladb00mer/.m2/repository/org/apache/maven/plugin-tools/maven-plugin-annotations/3.6.1/maven-plugin-annotations-3.6.1.jar:/Users/vladb00mer/.m2/repository/org/apache/maven/plugins/maven-jxr-plugin/3.1.1/maven-jxr-plugin-3.1.1.jar:/Users/vladb00mer/.m2/repository/org/apache/maven/maven-jxr/3.1.1/maven-jxr-3.1.1.jar:/Users/vladb00mer/.m2/repository/org/apache/velocity/velocity-engine-core/2.0/velocity-engine-core-2.0.jar:/Users/vladb00mer/.m2/repository/commons-io/commons-io/2.6/commons-io-2.6.jar:/Users/vladb00mer/.m2/repository/org/apache/maven/wagon/wagon-provider-api/2.4/wagon-provider-api-2.4.jar:/Users/vladb00mer/.m2/repository/org/codehaus/plexus/plexus-java/1.0.6/plexus-java-1.0.6.jar:/Users/vladb00mer/.m2/repository/org/ow2/asm/asm/9.0/asm-9.0.jar:/Users/vladb00mer/.m2/repository/com/thoughtworks/qdox/qdox/2.0.0/qdox-2.0.0.jar:/Users/vladb00mer/.m2/repository/org/slf4j/slf4j-simple/1.7.28/slf4j-simple-1.7.28.jar:/Users/vladb00mer/.m2/repository/org/seleniumhq/selenium/selenium-java/3.141.59/selenium-java-3.141.59.jar:/Users/vladb00mer/.m2/repository/org/seleniumhq/selenium/selenium-api/3.141.59/selenium-api-3.141.59.jar:/Users/vladb00mer/.m2/repository/org/seleniumhq/selenium/selenium-chrome-driver/3.141.59/selenium-chrome-driver-3.141.59.jar:/Users/vladb00mer/.m2/repository/org/seleniumhq/selenium/selenium-edge-driver/3.141.59/selenium-edge-driver-3.141.59.jar:/Users/vladb00mer/.m2/repository/org/seleniumhq/selenium/selenium-firefox-driver/3.141.59/selenium-firefox-driver-3.141.59.jar:/Users/vladb00mer/.m2/repository/org/seleniumhq/selenium/selenium-ie-driver/3.141.59/selenium-ie-driver-3.141.59.jar:/Users/vladb00mer/.m2/repository/org/seleniumhq/selenium/selenium-opera-driver/3.141.59/selenium-opera-driver-3.141.59.jar:/Users/vladb00mer/.m2/repository/org/seleniumhq/selenium/selenium-remote-driver/3.141.59/selenium-remote-driver-3.141.59.jar:/Users/vladb00mer/.m2/repository/org/seleniumhq/selenium/selenium-safari-driver/3.141.59/selenium-safari-driver-3.141.59.jar:/Users/vladb00mer/.m2/repository/org/seleniumhq/selenium/selenium-support/3.141.59/selenium-support-3.141.59.jar:/Users/vladb00mer/.m2/repository/net/bytebuddy/byte-buddy/1.8.15/byte-buddy-1.8.15.jar:/Users/vladb00mer/.m2/repository/com/google/guava/guava/25.0-jre/guava-25.0-jre.jar:/Users/vladb00mer/.m2/repository/com/google/code/findbugs/jsr305/1.3.9/jsr305-1.3.9.jar:/Users/vladb00mer/.m2/repository/org/checkerframework/checker-compat-qual/2.0.0/checker-compat-qual-2.0.0.jar:/Users/vladb00mer/.m2/repository/com/google/errorprone/error_prone_annotations/2.1.3/error_prone_annotations-2.1.3.jar:/Users/vladb00mer/.m2/repository/com/google/j2objc/j2objc-annotations/1.1/j2objc-annotations-1.1.jar:/Users/vladb00mer/.m2/repository/org/codehaus/mojo/animal-sniffer-annotations/1.14/animal-sniffer-annotations-1.14.jar:/Users/vladb00mer/.m2/repository/com/squareup/okhttp3/okhttp/3.11.0/okhttp-3.11.0.jar:/Users/vladb00mer/.m2/repository/com/squareup/okio/okio/1.14.0/okio-1.14.0.jar:/Users/vladb00mer/.m2/repository/org/testng/testng/7.1.0/testng-7.1.0.jar:/Users/vladb00mer/.m2/repository/com/beust/jcommander/1.72/jcommander-1.72.jar:/Users/vladb00mer/.m2/repository/com/google/inject/guice/4.1.0/guice-4.1.0-no_aop.jar:/Users/vladb00mer/.m2/repository/aopalliance/aopalliance/1.0/aopalliance-1.0.jar:/Users/vladb00mer/.m2/repository/org/yaml/snakeyaml/1.21/snakeyaml-1.21.jar:/Users/vladb00mer/.m2/repository/org/junit/jupiter/junit-jupiter/5.9.0-RC1/junit-jupiter-5.9.0-RC1.jar:/Users/vladb00mer/.m2/repository/org/junit/jupiter/junit-jupiter-api/5.9.0-RC1/junit-jupiter-api-5.9.0-RC1.jar:/Users/vladb00mer/.m2/repository/org/opentest4j/opentest4j/1.2.0/opentest4j-1.2.0.jar:/Users/vladb00mer/.m2/repository/org/junit/platform/junit-platform-commons/1.9.0-RC1/junit-platform-commons-1.9.0-RC1.jar:/Users/vladb00mer/.m2/repository/org/apiguardian/apiguardian-api/1.1.2/apiguardian-api-1.1.2.jar:/Users/vladb00mer/.m2/repository/org/junit/jupiter/junit-jupiter-params/5.9.0-RC1/junit-jupiter-params-5.9.0-RC1.jar:/Users/vladb00mer/.m2/repository/org/junit/jupiter/junit-jupiter-engine/5.9.0-RC1/junit-jupiter-engine-5.9.0-RC1.jar:/Users/vladb00mer/.m2/repository/org/junit/platform/junit-platform-engine/1.9.0-RC1/junit-platform-engine-1.9.0-RC1.jar:/Users/vladb00mer/.m2/repository/org/hamcrest/hamcrest/2.1/hamcrest-2.1.jar:/Users/vladb00mer/.m2/repository/org/hamcrest/hamcrest-core/1.3/hamcrest-core-1.3.jar:/Users/vladb00mer/.m2/repository/io/qameta/allure/allure-selenide/2.17.3/allure-selenide-2.17.3.jar:/Users/vladb00mer/.m2/repository/io/qameta/allure/allure-java-commons/2.17.3/allure-java-commons-2.17.3.jar:/Users/vladb00mer/.m2/repository/io/qameta/allure/allure-model/2.17.3/allure-model-2.17.3.jar:/Users/vladb00mer/.m2/repository/io/qameta/allure/allure-junit5/2.17.3/allure-junit5-2.17.3.jar:/Users/vladb00mer/.m2/repository/io/qameta/allure/allure-junit-platform/2.17.3/allure-junit-platform-2.17.3.jar:/Users/vladb00mer/.m2/repository/io/qameta/allure/allure-test-filter/2.17.3/allure-test-filter-2.17.3.jar:/Users/vladb00mer/.m2/repository/org/junit/platform/junit-platform-launcher/1.8.2/junit-platform-launcher-1.8.2.jar:/Users/vladb00mer/.m2/repository/junit/junit/4.12/junit-4.12.jar:"/>
    <property name="allure.results.directory" value="/Users/vladb00mer/IdeaProjects/ctco/target/allure-results"/>
    <property name="sun.cpu.endian" value="little"/>
    <property name="user.home" value="/Users/vladb00mer"/>
    <property name="user.language" value="ru"/>
    <property name="java.specification.vendor" value="Oracle Corporation"/>
    <property name="java.version.date" value="2022-03-22"/>
    <property name="java.home" value="/usr/local/Cellar/openjdk/18/libexec/openjdk.jdk/Contents/Home"/>
    <property name="file.separator" value="/"/>
    <property name="allure.link.tms.pattern" value="https://example.org/browse/{}"/>
    <property name="basedir" value="/Users/vladb00mer/IdeaProjects/ctco"/>
    <property name="java.vm.compressedOopsMode" value="Zero based"/>
    <property name="line.separator" value="&#10;"/>
    <property name="java.vm.specification.vendor" value="Oracle Corporation"/>
    <property name="java.specification.name" value="Java Platform API Specification"/>
    <property name="apple.awt.application.name" value="ForkedBooter"/>
    <property name="surefire.real.class.path" value="/Users/vladb00mer/IdeaProjects/ctco/target/surefire/surefirebooter8203027947424773637.jar"/>
    <property name="sun.management.compiler" value="HotSpot 64-Bit Tiered Compilers"/>
    <property name="ftp.nonProxyHosts" value="local|*.local|169.254/16|*.169.254/16"/>
    <property name="java.runtime.version" value="18+0"/>
    <property name="user.name" value="vladb00mer"/>
    <property name="path.separator" value=":"/>
    <property name="os.version" value="10.15.7"/>
    <property name="java.runtime.name" value="OpenJDK Runtime Environment"/>
    <property name="file.encoding" value="UTF-8"/>
    <property name="java.vm.name" value="OpenJDK 64-Bit Server VM"/>
    <property name="java.vendor.version" value="Homebrew"/>
    <property name="localRepository" value="/Users/vladb00mer/.m2/repository"/>
    <property name="java.vendor.url.bug" value="https://github.com/Homebrew/homebrew-core/issues"/>
    <property name="java.io.tmpdir" value="/var/folders/43/gsv6snzn1dd7lp9kl84pn3v40000gn/T/"/>
    <property name="java.version" value="18"/>
    <property name="user.dir" value="/Users/vladb00mer/IdeaProjects/ctco"/>
    <property name="os.arch" value="x86_64"/>
    <property name="java.vm.specification.name" value="Java Virtual Machine Specification"/>
    <property name="native.encoding" value="UTF-8"/>
    <property name="java.library.path" value="/Users/vladb00mer/Library/Java/Extensions:/Library/Java/Extensions:/Network/Library/Java/Extensions:/System/Library/Java/Extensions:/usr/lib/java:."/>
    <property name="java.vm.info" value="mixed mode, sharing"/>
    <property name="java.vendor" value="Homebrew"/>
    <property name="java.vm.version" value="18+0"/>
    <property name="sun.io.unicode.encoding" value="UnicodeBig"/>
    <property name="socksNonProxyHosts" value="local|*.local|169.254/16|*.169.254/16"/>
    <property name="java.class.version" value="62.0"/>
  </properties>
  <testcase name="setUp" classname="ui.TechnicalTaskTest" time="8.745">
    <failure message="session not created: This version of ChromeDriver only supports Chrome version 104&#10;Current browser version is 103.0.5060.114 with binary path /Applications/Google Chrome.app/Contents/MacOS/Google Chrome&#10;Build info: version: &apos;3.141.59&apos;, revision: &apos;e82be7d358&apos;, time: &apos;2018-11-14T08:17:03&apos;&#10;System info: host: &apos;iMac-Vladislav.local&apos;, ip: &apos;192.168.0.12&apos;, os.name: &apos;Mac OS X&apos;, os.arch: &apos;x86_64&apos;, os.version: &apos;10.15.7&apos;, java.version: &apos;18&apos;&#10;Driver info: driver.version: ChromeDriver&#10;remote stacktrace: 0   chromedriver                        0x00000001045e7129 chromedriver + 4440361&#10;1   chromedriver                        0x0000000104571a43 chromedriver + 3959363&#10;2   chromedriver                        0x000000010420edc8 chromedriver + 409032&#10;3   chromedriver                        0x0000000104236463 chromedriver + 570467&#10;4   chromedriver                        0x0000000104231dee chromedriver + 552430&#10;5   chromedriver                        0x000000010422e037 chromedriver + 536631&#10;6   chromedriver                        0x000000010426878a chromedriver + 776074&#10;7   chromedriver                        0x0000000104262963 chromedriver + 751971&#10;8   chromedriver                        0x00000001042386d5 chromedriver + 579285&#10;9   chromedriver                        0x0000000104239725 chromedriver + 583461&#10;10  chromedriver                        0x00000001045b838d chromedriver + 4248461&#10;11  chromedriver                        0x00000001045bc7d8 chromedriver + 4265944&#10;12  chromedriver                        0x00000001045c1a1f chromedriver + 4287007&#10;13  chromedriver                        0x00000001045bd557 chromedriver + 4269399&#10;14  chromedriver                        0x0000000104596b4f chromedriver + 4111183&#10;15  chromedriver                        0x00000001045d7dd8 chromedriver + 4378072&#10;16  chromedriver                        0x00000001045d7f5f chromedriver + 4378463&#10;17  chromedriver                        0x00000001045ee3b5 chromedriver + 4469685&#10;18  libsystem_pthread.dylib             0x00007fff70116109 _pthread_start + 148&#10;19  libsystem_pthread.dylib             0x00007fff70111b8b thread_start + 15&#10;" type="org.openqa.selenium.SessionNotCreatedException">org.openqa.selenium.SessionNotCreatedException: 
session not created: This version of ChromeDriver only supports Chrome version 104
Current browser version is 103.0.5060.114 with binary path /Applications/Google Chrome.app/Contents/MacOS/Google Chrome
Build info: version: '3.141.59', revision: 'e82be7d358', time: '2018-11-14T08:17:03'
System info: host: 'iMac-Vladislav.local', ip: '192.168.0.12', os.name: 'Mac OS X', os.arch: 'x86_64', os.version: '10.15.7', java.version: '18'
Driver info: driver.version: ChromeDriver
remote stacktrace: 0   chromedriver                        0x00000001045e7129 chromedriver + 4440361
1   chromedriver                        0x0000000104571a43 chromedriver + 3959363
2   chromedriver                        0x000000010420edc8 chromedriver + 409032
3   chromedriver                        0x0000000104236463 chromedriver + 570467
4   chromedriver                        0x0000000104231dee chromedriver + 552430
5   chromedriver                        0x000000010422e037 chromedriver + 536631
6   chromedriver                        0x000000010426878a chromedriver + 776074
7   chromedriver                        0x0000000104262963 chromedriver + 751971
8   chromedriver                        0x00000001042386d5 chromedriver + 579285
9   chromedriver                        0x0000000104239725 chromedriver + 583461
10  chromedriver                        0x00000001045b838d chromedriver + 4248461
11  chromedriver                        0x00000001045bc7d8 chromedriver + 4265944
12  chromedriver                        0x00000001045c1a1f chromedriver + 4287007
13  chromedriver                        0x00000001045bd557 chromedriver + 4269399
14  chromedriver                        0x0000000104596b4f chromedriver + 4111183
15  chromedriver                        0x00000001045d7dd8 chromedriver + 4378072
16  chromedriver                        0x00000001045d7f5f chromedriver + 4378463
17  chromedriver                        0x00000001045ee3b5 chromedriver + 4469685
18  libsystem_pthread.dylib             0x00007fff70116109 _pthread_start + 148
19  libsystem_pthread.dylib             0x00007fff70111b8b thread_start + 15

	at ui.TechnicalTaskTest.setUp(TechnicalTaskTest.java:19)
</failure>
    <system-err><![CDATA[Starting ChromeDriver 104.0.5112.29 (eff877e18f767c77fef0481a1cba402c8cbad404-refs/branch-heads/5112@{#422}) on port 13406
Only local connections are allowed.
Please see https://chromedriver.chromium.org/security-considerations for suggestions on keeping ChromeDriver safe.
ChromeDriver was started successfully.
]]></system-err>
  </testcase>
  <testcase name="testSearch" classname="ui.TechnicalTaskTest" time="0">
    <skipped message="session not created: This version of ChromeDriver only supports Chrome version 104&#10;Current browser version is 103.0.5060.114 with binary path /Applications/Google Chrome.app/Contents/MacOS/Google Chrome&#10;Build info: version: &apos;3.141.59&apos;, revision: &apos;e82be7d358&apos;, time: &apos;2018-11-14T08:17:03&apos;&#10;System info: host: &apos;iMac-Vladislav.local&apos;, ip: &apos;192.168.0.12&apos;, os.name: &apos;Mac OS X&apos;, os.arch: &apos;x86_64&apos;, os.version: &apos;10.15.7&apos;, java.version: &apos;18&apos;&#10;Driver info: driver.version: ChromeDriver&#10;remote stacktrace: 0   chromedriver                        0x00000001045e7129 chromedriver + 4440361&#10;1   chromedriver                        0x0000000104571a43 chromedriver + 3959363&#10;2   chromedriver                        0x000000010420edc8 chromedriver + 409032&#10;3   chromedriver                        0x0000000104236463 chromedriver + 570467&#10;4   chromedriver                        0x0000000104231dee chromedriver + 552430&#10;5   chromedriver                        0x000000010422e037 chromedriver + 536631&#10;6   chromedriver                        0x000000010426878a chromedriver + 776074&#10;7   chromedriver                        0x0000000104262963 chromedriver + 751971&#10;8   chromedriver                        0x00000001042386d5 chromedriver + 579285&#10;9   chromedriver                        0x0000000104239725 chromedriver + 583461&#10;10  chromedriver                        0x00000001045b838d chromedriver + 4248461&#10;11  chromedriver                        0x00000001045bc7d8 chromedriver + 4265944&#10;12  chromedriver                        0x00000001045c1a1f chromedriver + 4287007&#10;13  chromedriver                        0x00000001045bd557 chromedriver + 4269399&#10;14  chromedriver                        0x0000000104596b4f chromedriver + 4111183&#10;15  chromedriver                        0x00000001045d7dd8 chromedriver + 4378072&#10;16  chromedriver                        0x00000001045d7f5f chromedriver + 4378463&#10;17  chromedriver                        0x00000001045ee3b5 chromedriver + 4469685&#10;18  libsystem_pthread.dylib             0x00007fff70116109 _pthread_start + 148&#10;19  libsystem_pthread.dylib             0x00007fff70111b8b thread_start + 15&#10;"/>
  </testcase>
</testsuite>