<?xml version="1.0" encoding="UTF-8"?>
<!-- Generated by org.testng.reporters.JUnitReportReporter -->
<testsuite hostname="iMac-Vladislav.local" failures="0" tests="1" name="ui.TechnicalTaskTest" time="0.005" errors="0" timestamp="2022-07-10T10:09:51 MSK" skipped="0">
  <testcase classname="ui.TechnicalTaskTest" name="testSearch" time="0.005"/>
  <system-out/>
</testsuite> <!-- ui.TechnicalTaskTest -->
